
> age-signaturehub-web@0.0.0 build
> ng build

[33m>[39m Building...
(node:13848) Warning: Setting the NODE_TLS_REJECT_UNAUTHORIZED environment variable to '0' makes TLS connections and HTTPS requests insecure by disabling certificate verification.
(Use `node --trace-warnings ...` to show where the warning was created)
[32m√[39m Building...
[35mBrowser bundles[39m     
[1mInitial chunk files[22m [2m | [22m[1mNames[22m           [2m | [22m [1mRaw size[22m[2m | [22m[1mEstimated transfer size[22m
[32mmain-ZRYM27IZ.js[39m    [2m | [22m[2mmain[22m            [2m | [22m  [36m1.35 MB[39m[2m | [22m              [36m258.38 kB[39m
[32mstyles-O6UY2HSY.css[39m [2m | [22m[2mstyles[22m          [2m | [22m [36m97.50 kB[39m[2m | [22m                [36m7.42 kB[39m

[1m [22m                   [2m | [22m[1mInitial total[22m   [2m | [22m  [1m[93m1.44 MB[39m[22m[2m | [22m              [1m265.79 kB[22m


[35mServer bundles[39m      
[1mInitial chunk files[22m [2m | [22m[1mNames[22m           [2m | [22m [1mRaw size[22m
[32mmain.server.mjs[39m     [2m | [22m[2mmain.server[22m     [2m | [22m  [36m1.80 MB[39m[2m | [22m                       
[32mserver.mjs[39m          [2m | [22m[2mserver[22m          [2m | [22m[36m810.37 kB[39m[2m | [22m                       
[32mpolyfills.server.mjs[39m[2m | [22m[2mpolyfills.server[22m[2m | [22m[36m233.25 kB[39m[2m | [22m                       
[32mchunk-L2MVFUKD.mjs[39m  [2m | [22m[2m-[22m               [2m | [22m  [36m1.32 kB[39m[2m | [22m                       
[32mchunk-T55IDOPT.mjs[39m  [2m | [22m[2m-[22m               [2m | [22m[36m976 bytes[39m[2m | [22m                       

[1mLazy chunk files[22m    [2m | [22m[1mNames[22m           [2m | [22m [1mRaw size[22m
[32mchunk-RHDGF2TI.mjs[39m  [2m | [22m[2mxhr2[22m            [2m | [22m [36m12.14 kB[39m[2m | [22m                       
[32mchunk-N3SI5I4Q.mjs[39m  [2m | [22m[2mxhr2[22m            [2m | [22m [36m12.07 kB[39m[2m | [22m                       

[35mPrerendered 3 static routes.[39m
Application bundle generation complete. [11.727 seconds] - 2026-07-03T15:14:10.498Z

▲ [WARNING] bundle initial exceeded maximum budget. Budget 1.25 MB was not met by 193.09 kB with a total of 1.44 MB.


▲ [WARNING] src/app/features/internal/documents/document-details/document-details.component.scss exceeded maximum budget. Budget 8.00 kB was not met by 607 bytes with a total of 8.61 kB.


▲ [WARNING] src/app/features/public/home/home.component.scss exceeded maximum budget. Budget 8.00 kB was not met by 6.37 kB with a total of 14.37 kB.


Output location: C:\Users\m10700379\Documents\projects\SignatureHub\age-signaturehub-web\dist\age-signaturehub-web

